2025-09-24 02:51:10,194 - asyncio - DEBUG - proactor_events - __init__ - Using proactor: IocpProactor
2025-09-24 02:51:12,396 - models.yunet_detector - INFO - yunet_detector - _initialize_model - YuNet model initialized successfully from C:\Users\aven\Desktop\repo\suri\desktop\public\weights\face_detection_yunet_2023mar.onnx
2025-09-24 02:51:12,397 - models.antispoofing_detector - INFO - antispoofing_detector - _initialize_model - Loading anti-spoofing model from: C:\Users\aven\Desktop\repo\suri\desktop\public\weights\AntiSpoofing_bin_1.5_128.onnx
2025-09-24 02:51:12,621 - models.antispoofing_detector - INFO - antispoofing_detector - _initialize_model - Model input shape: [1, 3, 128, 128]
2025-09-24 02:51:12,622 - models.antispoofing_detector - INFO - antispoofing_detector - _initialize_model - Model output shape: [1, 2]
2025-09-24 02:51:12,622 - models.antispoofing_detector - INFO - antispoofing_detector - _initialize_model - Available providers: ['CPUExecutionProvider']
2025-09-24 02:51:12,623 - models.antispoofing_detector - INFO - antispoofing_detector - __init__ - Simple AntiSpoofing detector initialized with threshold: 0.5
2025-09-24 02:51:12,625 - utils.database_manager - INFO - database_manager - _initialize_database - Database schema initialized successfully
2025-09-24 02:51:12,625 - models.edgeface_detector - INFO - edgeface_detector - __init__ - Initialized SQLite database: C:\Users\aven\Desktop\repo\suri\backend\data\face_database.db
2025-09-24 02:51:12,626 - models.edgeface_detector - INFO - edgeface_detector - _initialize_model - Loading EdgeFace model from: C:\Users\aven\Desktop\repo\suri\desktop\public\weights\edgeface-recognition.onnx
2025-09-24 02:51:13,641 - models.edgeface_detector - INFO - edgeface_detector - _initialize_model - Model input shape: [1, 3, 112, 112]
2025-09-24 02:51:13,642 - models.edgeface_detector - INFO - edgeface_detector - _initialize_model - Model output shape: [1, 512]
2025-09-24 02:51:13,644 - models.edgeface_detector - INFO - edgeface_detector - _initialize_model - Available providers: ['CPUExecutionProvider']
2025-09-24 02:51:13,645 - models.edgeface_detector - INFO - edgeface_detector - _initialize_model - EdgeFace model initialized successfully
2025-09-24 02:51:27,735 - utils.database_manager - INFO - database_manager - close - Database manager closed (no persistent connection)
2025-09-24 02:51:53,569 - asyncio - DEBUG - proactor_events - __init__ - Using proactor: IocpProactor
2025-09-24 02:51:55,241 - models.yunet_detector - INFO - yunet_detector - _initialize_model - YuNet model initialized successfully from C:\Users\aven\Desktop\repo\suri\desktop\public\weights\face_detection_yunet_2023mar.onnx
2025-09-24 02:51:55,242 - models.antispoofing_detector - INFO - antispoofing_detector - _initialize_model - Loading anti-spoofing model from: C:\Users\aven\Desktop\repo\suri\desktop\public\weights\AntiSpoofing_bin_1.5_128.onnx
2025-09-24 02:51:55,368 - models.antispoofing_detector - INFO - antispoofing_detector - _initialize_model - Model input shape: [1, 3, 128, 128]
2025-09-24 02:51:55,369 - models.antispoofing_detector - INFO - antispoofing_detector - _initialize_model - Model output shape: [1, 2]
2025-09-24 02:51:55,369 - models.antispoofing_detector - INFO - antispoofing_detector - _initialize_model - Available providers: ['CPUExecutionProvider']
2025-09-24 02:51:55,370 - models.antispoofing_detector - INFO - antispoofing_detector - __init__ - Simple AntiSpoofing detector initialized with threshold: 0.5
2025-09-24 02:51:55,372 - utils.database_manager - INFO - database_manager - _initialize_database - Database schema initialized successfully
2025-09-24 02:51:55,373 - models.edgeface_detector - INFO - edgeface_detector - __init__ - Initialized SQLite database: C:\Users\aven\Desktop\repo\suri\backend\data\face_database.db
2025-09-24 02:51:55,374 - models.edgeface_detector - INFO - edgeface_detector - _initialize_model - Loading EdgeFace model from: C:\Users\aven\Desktop\repo\suri\desktop\public\weights\edgeface-recognition.onnx
